This is pdfTeX, Version 3.141592653-2.6-1.40.25 (TeX Live 2023/Debian) (preloaded format=pdflatex 2024.12.19)  13 APR 2026 23:03
entering extended mode
 \write18 enabled.
 %&-line parsing enabled.
**main.tex
(./main.tex
LaTeX2e <2023-11-01> patch level 1
L3 programming layer <2024-01-22>
(/usr/share/texlive/texmf-dist/tex/latex/base/article.cls
Document Class: article 2023/05/17 v1.4n Standard LaTeX document class
(/usr/share/texlive/texmf-dist/tex/latex/base/size12.clo
File: size12.clo 2023/05/17 v1.4n Standard LaTeX file (size option)
)
\c@part=\count187
\c@section=\count188
\c@subsection=\count189
\c@subsubsection=\count190
\c@paragraph=\count191
\c@subparagraph=\count192
\c@figure=\count193
\c@table=\count194
\abovecaptionskip=\skip48
\belowcaptionskip=\skip49
\bibindent=\dimen140
)
(/usr/share/texlive/texmf-dist/tex/latex/base/inputenc.sty
Package: inputenc 2021/02/14 v1.3d Input encoding file
\inpenc@prehook=\toks17
\inpenc@posthook=\toks18
)
(/usr/share/texlive/texmf-dist/tex/latex/geometry/geometry.sty
Package: geometry 2020/01/02 v5.9 Page Geometry

(/usr/share/texlive/texmf-dist/tex/latex/graphics/keyval.sty
Package: keyval 2022/05/29 v1.15 key=value parser (DPC)
\KV@toks@=\toks19
)
(/usr/share/texlive/texmf-dist/tex/generic/iftex/ifvtex.sty
Package: ifvtex 2019/10/25 v1.7 ifvtex legacy package. Use iftex instead.

(/usr/share/texlive/texmf-dist/tex/generic/iftex/iftex.sty
Package: iftex 2022/02/03 v1.0f TeX engine tests
))
\Gm@cnth=\count195
\Gm@cntv=\count196
\c@Gm@tempcnt=\count197
\Gm@bindingoffset=\dimen141
\Gm@wd@mp=\dimen142
\Gm@odd@mp=\dimen143
\Gm@even@mp=\dimen144
\Gm@layoutwidth=\dimen145
\Gm@layoutheight=\dimen146
\Gm@layouthoffset=\dimen147
\Gm@layoutvoffset=\dimen148
\Gm@dimlist=\toks20
)
(/usr/share/texlive/texmf-dist/tex/latex/hyperref/hyperref.sty
Package: hyperref 2024-01-20 v7.01h Hypertext links for LaTeX

(/usr/share/texlive/texmf-dist/tex/latex/kvsetkeys/kvsetkeys.sty
Package: kvsetkeys 2022-10-05 v1.19 Key value parser (HO)
)
(/usr/share/texlive/texmf-dist/tex/generic/kvdefinekeys/kvdefinekeys.sty
Package: kvdefinekeys 2019-12-19 v1.6 Define keys (HO)
)
(/usr/share/texlive/texmf-dist/tex/generic/pdfescape/pdfescape.sty
Package: pdfescape 2019/12/09 v1.15 Implements pdfTeX's escape features (HO)

(/usr/share/texlive/texmf-dist/tex/generic/ltxcmds/ltxcmds.sty
Package: ltxcmds 2023-12-04 v1.26 LaTeX kernel commands for general use (HO)
)
(/usr/share/texlive/texmf-dist/tex/generic/pdftexcmds/pdftexcmds.sty
Package: pdftexcmds 2020-06-27 v0.33 Utility functions of pdfTeX for LuaTeX (HO
)

(/usr/share/texlive/texmf-dist/tex/generic/infwarerr/infwarerr.sty
Package: infwarerr 2019/12/03 v1.5 Providing info/warning/error messages (HO)
)
Package pdftexcmds Info: \pdf@primitive is available.
Package pdftexcmds Info: \pdf@ifprimitive is available.
Package pdftexcmds Info: \pdfdraftmode found.
))
(/usr/share/texlive/texmf-dist/tex/latex/hycolor/hycolor.sty
Package: hycolor 2020-01-27 v1.10 Color options for hyperref/bookmark (HO)
)
(/usr/share/texlive/texmf-dist/tex/latex/auxhook/auxhook.sty
Package: auxhook 2019-12-17 v1.6 Hooks for auxiliary files (HO)
)
(/usr/share/texlive/texmf-dist/tex/latex/hyperref/nameref.sty
Package: nameref 2023-11-26 v2.56 Cross-referencing by name of section

(/usr/share/texlive/texmf-dist/tex/latex/refcount/refcount.sty
Package: refcount 2019/12/15 v3.6 Data extraction from label references (HO)
)
(/usr/share/texlive/texmf-dist/tex/generic/gettitlestring/gettitlestring.sty
Package: gettitlestring 2019/12/15 v1.6 Cleanup title references (HO)

(/usr/share/texlive/texmf-dist/tex/latex/kvoptions/kvoptions.sty
Package: kvoptions 2022-06-15 v3.15 Key value format for package options (HO)
))
\c@section@level=\count198
)
(/usr/share/texlive/texmf-dist/tex/latex/etoolbox/etoolbox.sty
Package: etoolbox 2020/10/05 v2.5k e-TeX tools for LaTeX (JAW)
\etb@tempcnta=\count199
)
\@linkdim=\dimen149
\Hy@linkcounter=\count266
\Hy@pagecounter=\count267

(/usr/share/texlive/texmf-dist/tex/latex/hyperref/pd1enc.def
File: pd1enc.def 2024-01-20 v7.01h Hyperref: PDFDocEncoding definition (HO)
Now handling font encoding PD1 ...
... no UTF-8 mapping file for font encoding PD1
)
(/usr/share/texlive/texmf-dist/tex/generic/intcalc/intcalc.sty
Package: intcalc 2019/12/15 v1.3 Expandable calculations with integers (HO)
)
\Hy@SavedSpaceFactor=\count268

(/usr/share/texlive/texmf-dist/tex/latex/hyperref/puenc.def
File: puenc.def 2024-01-20 v7.01h Hyperref: PDF Unicode definition (HO)
Now handling font encoding PU ...
... no UTF-8 mapping file for font encoding PU
)
Package hyperref Info: Hyper figures OFF on input line 4179.
Package hyperref Info: Link nesting OFF on input line 4184.
Package hyperref Info: Hyper index ON on input line 4187.
Package hyperref Info: Plain pages OFF on input line 4194.
Package hyperref Info: Backreferencing OFF on input line 4199.
Package hyperref Info: Implicit mode ON; LaTeX internals redefined.
Package hyperref Info: Bookmarks ON on input line 4446.
\c@Hy@tempcnt=\count269

(/usr/share/texlive/texmf-dist/tex/latex/url/url.sty
\Urlmuskip=\muskip16
Package: url 2013/09/16  ver 3.4  Verb mode for urls, etc.
)
LaTeX Info: Redefining \url on input line 4784.
\XeTeXLinkMargin=\dimen150

(/usr/share/texlive/texmf-dist/tex/generic/bitset/bitset.sty
Package: bitset 2019/12/09 v1.3 Handle bit-vector datatype (HO)

(/usr/share/texlive/texmf-dist/tex/generic/bigintcalc/bigintcalc.sty
Package: bigintcalc 2019/12/15 v1.5 Expandable calculations on big integers (HO
)
))
\Fld@menulength=\count270
\Field@Width=\dimen151
\Fld@charsize=\dimen152
Package hyperref Info: Hyper figures OFF on input line 6063.
Package hyperref Info: Link nesting OFF on input line 6068.
Package hyperref Info: Hyper index ON on input line 6071.
Package hyperref Info: backreferencing OFF on input line 6078.
Package hyperref Info: Link coloring OFF on input line 6083.
Package hyperref Info: Link coloring with OCG OFF on input line 6088.
Package hyperref Info: PDF/A mode OFF on input line 6093.

(/usr/share/texlive/texmf-dist/tex/latex/base/atbegshi-ltx.sty
Package: atbegshi-ltx 2021/01/10 v1.0c Emulation of the original atbegshi
package with kernel methods
)
\Hy@abspage=\count271
\c@Item=\count272
\c@Hfootnote=\count273
)
Package hyperref Info: Driver (autodetected): hpdftex.

(/usr/share/texlive/texmf-dist/tex/latex/hyperref/hpdftex.def
File: hpdftex.def 2024-01-20 v7.01h Hyperref driver for pdfTeX

(/usr/share/texlive/texmf-dist/tex/latex/base/atveryend-ltx.sty
Package: atveryend-ltx 2020/08/19 v1.0a Emulation of the original atveryend pac
kage
with kernel methods
)
\Fld@listcount=\count274
\c@bookmark@seq@number=\count275

(/usr/share/texlive/texmf-dist/tex/latex/rerunfilecheck/rerunfilecheck.sty
Package: rerunfilecheck 2022-07-10 v1.10 Rerun checks for auxiliary files (HO)

(/usr/share/texlive/texmf-dist/tex/generic/uniquecounter/uniquecounter.sty
Package: uniquecounter 2019/12/15 v1.4 Provide unlimited unique counter (HO)
)
Package uniquecounter Info: New unique counter `rerunfilecheck' on input line 2
85.
)
\Hy@SectionHShift=\skip50
)
(/usr/share/texlive/texmf-dist/tex/latex/enumitem/enumitem.sty
Package: enumitem 2019/06/20 v3.9 Customized lists
\labelindent=\skip51
\enit@outerparindent=\dimen153
\enit@toks=\toks21
\enit@inbox=\box51
\enit@count@id=\count276
\enitdp@description=\count277
)
(/usr/share/texlive/texmf-dist/tex/latex/tools/tabularx.sty
Package: tabularx 2023/07/08 v2.11c `tabularx' package (DPC)

(/usr/share/texlive/texmf-dist/tex/latex/tools/array.sty
Package: array 2023/10/16 v2.5g Tabular extension package (FMi)
\col@sep=\dimen154
\ar@mcellbox=\box52
\extrarowheight=\dimen155
\NC@list=\toks22
\extratabsurround=\skip52
\backup@length=\skip53
\ar@cellbox=\box53
)
\TX@col@width=\dimen156
\TX@old@table=\dimen157
\TX@old@col=\dimen158
\TX@target=\dimen159
\TX@delta=\dimen160
\TX@cols=\count278
\TX@ftn=\toks23
)
(/usr/share/texlive/texmf-dist/tex/latex/colortbl/colortbl.sty
Package: colortbl 2022/06/20 v1.0f Color table columns (DPC)

(/usr/share/texlive/texmf-dist/tex/latex/graphics/color.sty
Package: color 2022/01/06 v1.3d Standard LaTeX Color (DPC)

(/usr/share/texlive/texmf-dist/tex/latex/graphics-cfg/color.cfg
File: color.cfg 2016/01/02 v1.6 sample color configuration
)
Package color Info: Driver file: pdftex.def on input line 149.

(/usr/share/texlive/texmf-dist/tex/latex/graphics-def/pdftex.def
File: pdftex.def 2022/09/22 v1.2b Graphics/color driver for pdftex
)
(/usr/share/texlive/texmf-dist/tex/latex/graphics/mathcolor.ltx))
\everycr=\toks24
\minrowclearance=\skip54
\rownum=\count279
)
(/usr/share/texlive/texmf-dist/tex/latex/xcolor/xcolor.sty
Package: xcolor 2023/11/15 v3.01 LaTeX color extensions (UK)

(/usr/share/texlive/texmf-dist/tex/latex/graphics-cfg/color.cfg
File: color.cfg 2016/01/02 v1.6 sample color configuration
)
Package xcolor Info: Driver file: pdftex.def on input line 274.
LaTeX Info: Redefining \color on input line 758.

(/usr/share/texlive/texmf-dist/tex/latex/graphics/mathcolor.ltx)
Package xcolor Info: Model `cmy' substituted by `cmy0' on input line 1350.
Package xcolor Info: Model `hsb' substituted by `rgb' on input line 1354.
Package xcolor Info: Model `RGB' extended on input line 1366.
Package xcolor Info: Model `HTML' substituted by `rgb' on input line 1368.
Package xcolor Info: Model `Hsb' substituted by `hsb' on input line 1369.
Package xcolor Info: Model `tHsb' substituted by `hsb' on input line 1370.
Package xcolor Info: Model `HSB' substituted by `hsb' on input line 1371.
Package xcolor Info: Model `Gray' substituted by `gray' on input line 1372.
Package xcolor Info: Model `wave' substituted by `hsb' on input line 1373.
)
(/usr/share/texlive/texmf-dist/tex/latex/booktabs/booktabs.sty
Package: booktabs 2020/01/12 v1.61803398 Publication quality tables
\heavyrulewidth=\dimen161
\lightrulewidth=\dimen162
\cmidrulewidth=\dimen163
\belowrulesep=\dimen164
\belowbottomsep=\dimen165
\aboverulesep=\dimen166
\abovetopsep=\dimen167
\cmidrulesep=\dimen168
\cmidrulekern=\dimen169
\defaultaddspace=\dimen170
\@cmidla=\count280
\@cmidlb=\count281
\@aboverulesep=\dimen171
\@belowrulesep=\dimen172
\@thisruleclass=\count282
\@lastruleclass=\count283
\@thisrulewidth=\dimen173
)
(/usr/share/texlive/texmf-dist/tex/latex/titlesec/titlesec.sty
Package: titlesec 2023/10/27 v2.16 Sectioning titles
\ttl@box=\box54
\beforetitleunit=\skip55
\aftertitleunit=\skip56
\ttl@plus=\dimen174
\ttl@minus=\dimen175
\ttl@toksa=\toks25
\titlewidth=\dimen176
\titlewidthlast=\dimen177
\titlewidthfirst=\dimen178
)
Package hyperref Info: Option `colorlinks' set `true' on input line 19.

(/usr/share/texlive/texmf-dist/tex/latex/l3backend/l3backend-pdftex.def
File: l3backend-pdftex.def 2024-01-04 L3 backend support: PDF output (pdfTeX)
\l__color_backend_stack_int=\count284
\l__pdf_internal_box=\box55
)
(./main.aux)
\openout1 = `main.aux'.

LaTeX Font Info:    Checking defaults for OML/cmm/m/it on input line 29.
LaTeX Font Info:    ... okay on input line 29.
LaTeX Font Info:    Checking defaults for OMS/cmsy/m/n on input line 29.
LaTeX Font Info:    ... okay on input line 29.
LaTeX Font Info:    Checking defaults for OT1/cmr/m/n on input line 29.
LaTeX Font Info:    ... okay on input line 29.
LaTeX Font Info:    Checking defaults for T1/cmr/m/n on input line 29.
LaTeX Font Info:    ... okay on input line 29.
LaTeX Font Info:    Checking defaults for TS1/cmr/m/n on input line 29.
LaTeX Font Info:    ... okay on input line 29.
LaTeX Font Info:    Checking defaults for OMX/cmex/m/n on input line 29.
LaTeX Font Info:    ... okay on input line 29.
LaTeX Font Info:    Checking defaults for U/cmr/m/n on input line 29.
LaTeX Font Info:    ... okay on input line 29.
LaTeX Font Info:    Checking defaults for PD1/pdf/m/n on input line 29.
LaTeX Font Info:    ... okay on input line 29.
LaTeX Font Info:    Checking defaults for PU/pdf/m/n on input line 29.
LaTeX Font Info:    ... okay on input line 29.

*geometry* driver: auto-detecting
*geometry* detected driver: pdftex
*geometry* verbose mode - [ preamble ] result:
* driver: pdftex
* paper: a4paper
* layout: <same size as paper>
* layoutoffset:(h,v)=(0.0pt,0.0pt)
* modes: 
* h-part:(L,W,R)=(72.26999pt, 452.9679pt, 72.26999pt)
* v-part:(T,H,B)=(72.26999pt, 700.50687pt, 72.26999pt)
* \paperwidth=597.50787pt
* \paperheight=845.04684pt
* \textwidth=452.9679pt
* \textheight=700.50687pt
* \oddsidemargin=0.0pt
* \evensidemargin=0.0pt
* \topmargin=-37.0pt
* \headheight=12.0pt
* \headsep=25.0pt
* \topskip=12.0pt
* \footskip=30.0pt
* \marginparwidth=44.0pt
* \marginparsep=10.0pt
* \columnsep=10.0pt
* \skip\footins=10.8pt plus 4.0pt minus 2.0pt
* \hoffset=0.0pt
* \voffset=0.0pt
* \mag=1000
* \@twocolumnfalse
* \@twosidefalse
* \@mparswitchfalse
* \@reversemarginfalse
* (1in=72.27pt=25.4mm, 1cm=28.453pt)

Package hyperref Info: Link coloring ON on input line 29.
(./main.out) (./main.out)
\@outlinefile=\write3
\openout3 = `main.out'.


(/usr/share/texlive/texmf-dist/tex/context/base/mkii/supp-pdf.mkii
[Loading MPS to PDF converter (version 2006.09.02).]
\scratchcounter=\count285
\scratchdimen=\dimen179
\scratchbox=\box56
\nofMPsegments=\count286
\nofMParguments=\count287
\everyMPshowfont=\toks26
\MPscratchCnt=\count288
\MPscratchDim=\dimen180
\MPnumerator=\count289
\makeMPintoPDFobject=\count290
\everyMPtoPDFconversion=\toks27
)
Overfull \hbox (103.82912pt too wide) in paragraph at lines 56--59
[]\OT1/cmr/m/n/12 Remote & In-de-pen-dent Work-ing in Man-ager-less En-vi-ron-m
ents [][]https://www.udemy.com/course/remote-
 []


Overfull \hbox (101.21805pt too wide) in paragraph at lines 60--63
[]\OT1/cmr/m/n/12 Big Data In-fras-truc-ture Ad-min-is-tra-tion | Ticket-Based 
Learn-ing [][]https://www.udemy.com/course/big-
 []


Overfull \hbox (78.50995pt too wide) in paragraph at lines 64--67
[]\OT1/cmr/m/n/12 Python Full-Stack Com-pu-ta-tional Frame-work (Be-gin-ner) []
[]https://www.udemy.com/course/python-
 []


Overfull \hbox (50.73662pt too wide) in paragraph at lines 68--71
[]\OT1/cmr/m/n/12 Full-Spectrum Com-pre-hen-sive Test-ing & Er-ror Read-ing [][
]https://www.udemy.com/course/full-
 []


Overfull \hbox (86.04321pt too wide) in paragraph at lines 72--75
[]\OT1/cmr/m/n/12 Python Big Data Re-fresher | In-ter-me-di-ate (Quiz Based) []
[]https://www.udemy.com/course/refresher-
 []


Overfull \hbox (3.00945pt too wide) in paragraph at lines 76--79
[]\OT1/cmr/m/n/12 Python Full-Stack Back-end & ML En-gines [][]https://www.udem
y.com/course/python-
 []


Overfull \hbox (96.82224pt too wide) in paragraph at lines 80--83
[]\OT1/cmr/m/n/12 Writing Tests for Sim-u-la-tion En-gi-neer-ing & Code Con-ver
-sion [][]https://www.udemy.com/course/writing-
 []


Overfull \hbox (88.69318pt too wide) in paragraph at lines 84--87
[]\OT1/cmr/m/n/12 Full-Stack Com-pu-ta-tional Frame-work for Big Data Sim-u-la-
tions [][]https://www.udemy.com/course/full-
 []


Overfull \hbox (146.85506pt too wide) in paragraph at lines 88--91
[]\OT1/cmr/m/n/12 Converting Stan-dalone Python Code to Dis-tributed An-a-lyt-i
cs Code [][]https://www.udemy.com/course/converting-
 []

[1

{/var/lib/texmf/fonts/map/pdftex/updmap/pdftex.map}] [2{/usr/share/texmf/fonts/
enc/dvips/cm-super/cm-super-ts1.enc}]
Underfull \hbox (badness 1342) in paragraph at lines 137--137
[]|[][]\OT1/cmr/m/n/12 Course 1: Re-
 []


Underfull \hbox (badness 3386) in paragraph at lines 137--137
[]|\OT1/cmr/m/n/12 Learn how to work
 []


Underfull \hbox (badness 1681) in paragraph at lines 137--137
\OT1/cmr/m/n/12 manager[]less en-vi-ron-
 []


Underfull \hbox (badness 4254) in paragraph at lines 137--137
\OT1/cmr/m/n/12 ments; set ex-pec-ta-
 []


Underfull \hbox (badness 7832) in paragraph at lines 137--137
\OT1/cmr/m/n/12 tions for self[]driven
 []


Underfull \hbox (badness 1442) in paragraph at lines 154--154
[]|[][]\OT1/cmr/m/n/12 Course 2: Big
 []


Underfull \hbox (badness 10000) in paragraph at lines 154--154
\OT1/cmr/m/n/12 Data In-fras-
 []


Underfull \hbox (badness 10000) in paragraph at lines 154--154
\OT1/cmr/m/n/12 truc-ture &
 []


Underfull \hbox (badness 10000) in paragraph at lines 154--154
\OT1/cmr/m/n/12 Ticket[]Based
 []


Underfull \hbox (badness 10000) in paragraph at lines 154--154
[]|\OT1/cmr/m/n/12 Understand big[]data
 []


Underfull \hbox (badness 10000) in paragraph at lines 154--154
\OT1/cmr/m/n/12 sys-tems; learn
 []


Underfull \hbox (badness 10000) in paragraph at lines 154--154
\OT1/cmr/m/n/12 production[]style
 []


Underfull \hbox (badness 10000) in paragraph at lines 154--154
\OT1/cmr/m/n/12 in-fras-truc-ture is-sues
 []


Underfull \hbox (badness 10000) in paragraph at lines 154--154
[]|[][]\OT1/cmr/m/n/12 Course 3:
 []


Underfull \hbox (badness 10000) in paragraph at lines 154--154
\OT1/cmr/m/n/12 Python
 []


Underfull \hbox (badness 10000) in paragraph at lines 154--154
\OT1/cmr/m/n/12 Full[]Stack
 []


Underfull \hbox (badness 10000) in paragraph at lines 154--154
\OT1/cmr/m/n/12 Com-pu-ta-tional
 []


Underfull \hbox (badness 10000) in paragraph at lines 154--154
\OT1/cmr/m/n/12 Frame-work
 []


Underfull \hbox (badness 6141) in paragraph at lines 154--154
\OT1/cmr/m/n/12 data struc-tures and
 []


Underfull \hbox (badness 5475) in paragraph at lines 154--154
\OT1/cmr/m/n/12 com-pu-ta-tional think-
 []


Underfull \hbox (badness 10000) in paragraph at lines 154--154
\OT1/cmr/m/n/12 ing; writ-ing clean,
 []


Underfull \hbox (badness 10000) in paragraph at lines 173--173
\OT1/cmr/m/n/12 pre-hen-sive
 []


Underfull \hbox (badness 10000) in paragraph at lines 173--173
[]|\OT1/cmr/m/n/12 Debugging skills;
 []


Underfull \hbox (badness 10000) in paragraph at lines 173--173
\OT1/cmr/m/n/12 un-der-stand-ing stack
 []


Underfull \hbox (badness 5077) in paragraph at lines 173--173
\OT1/cmr/m/n/12 traces; read-ing and
 []


Underfull \hbox (badness 10000) in paragraph at lines 173--173
[]|[][]\OT1/cmr/m/n/12 Course 5:
 []


Underfull \hbox (badness 10000) in paragraph at lines 173--173
\OT1/cmr/m/n/12 Python Big
 []


Underfull \hbox (badness 6658) in paragraph at lines 173--173
\OT1/cmr/m/n/12 Data Re-fresher
 []


Underfull \hbox (badness 10000) in paragraph at lines 173--173
[]|\OT1/cmr/m/n/12 Reinforce Python
 []


Underfull \hbox (badness 10000) in paragraph at lines 173--173
\OT1/cmr/m/n/12 con-cepts; ap-ply
 []


Underfull \hbox (badness 1122) in paragraph at lines 173--173
\OT1/cmr/m/n/12 prob-lems; build con-
 []


Underfull \hbox (badness 10000) in paragraph at lines 173--173
\OT1/cmr/m/n/12 fi-dence in writ-ing
 []


Underfull \hbox (badness 10000) in paragraph at lines 173--173
\OT1/cmr/m/n/12 intermediate[]level
 []


Underfull \hbox (badness 10000) in paragraph at lines 173--173
[]|[][]\OT1/cmr/m/n/12 Course 6:
 []


Underfull \hbox (badness 10000) in paragraph at lines 173--173
[]|\OT1/cmr/m/n/12 Backend com-pu-ta-
 []


Underfull \hbox (badness 10000) in paragraph at lines 173--173
\OT1/cmr/m/n/12 tion; un-der-stand-ing
 []


Underfull \hbox (badness 10000) in paragraph at lines 173--173
\OT1/cmr/m/n/12 Python in ML /
 []


Underfull \hbox (badness 10000) in paragraph at lines 173--173
\OT1/cmr/m/n/12 an-a-lyt-ics pipelines;
 []


Underfull \hbox (badness 10000) in paragraph at lines 173--173
\OT1/cmr/m/n/12 performance[]oriented
 []

[3]
Underfull \hbox (badness 10000) in paragraph at lines 192--192
\OT1/cmr/m/n/12 ing Tests for
 []


Underfull \hbox (badness 10000) in paragraph at lines 192--192
\OT1/cmr/m/n/12 Sim-u-la-tion &
 []


Underfull \hbox (badness 10000) in paragraph at lines 192--192
\OT1/cmr/m/n/12 Code Con-ver-
 []


Underfull \hbox (badness 4303) in paragraph at lines 192--192
\OT1/cmr/m/n/12 plex logic; en-sur-ing
 []


Underfull \hbox (badness 10000) in paragraph at lines 192--192
\OT1/cmr/m/n/12 cor-rect-ness dur-ing
 []


Underfull \hbox (badness 10000) in paragraph at lines 192--192
\OT1/cmr/m/n/12 refac-tor-ing; qual-ity
 []


Underfull \hbox (badness 10000) in paragraph at lines 192--192
[]|[][]\OT1/cmr/m/n/12 Course 8:
 []


Underfull \hbox (badness 10000) in paragraph at lines 192--192
\OT1/cmr/m/n/12 Full[]Stack
 []


Underfull \hbox (badness 10000) in paragraph at lines 192--192
\OT1/cmr/m/n/12 Com-pu-ta-tional
 []


Underfull \hbox (badness 10000) in paragraph at lines 192--192
\OT1/cmr/m/n/12 Frame-work for
 []


Underfull \hbox (badness 10000) in paragraph at lines 192--192
[]|\OT1/cmr/m/n/12 End[]to[]end com-
 []


Underfull \hbox (badness 10000) in paragraph at lines 192--192
\OT1/cmr/m/n/12 pu-ta-tion pipelines;
 []


Underfull \hbox (badness 10000) in paragraph at lines 192--192
\OT1/cmr/m/n/12 simulation[]based de-
 []


Underfull \hbox (badness 10000) in paragraph at lines 192--192
\OT1/cmr/m/n/12 vert-ing Stan-
 []


Underfull \hbox (badness 10000) in paragraph at lines 192--192
\OT1/cmr/m/n/12 dalone Code
 []


Underfull \hbox (badness 10000) in paragraph at lines 192--192
\OT1/cmr/m/n/12 to Dis-tributed
 []


Underfull \hbox (badness 10000) in paragraph at lines 192--192
[]|\OT1/cmr/m/n/12 Distributed com-
 []


Underfull \hbox (badness 10000) in paragraph at lines 192--192
\OT1/cmr/m/n/12 put-ing con-cepts;
 []


Underfull \hbox (badness 10000) in paragraph at lines 192--192
\OT1/cmr/m/n/12 par-al-lel ex-e-cu-tion;
 []


Underfull \hbox (badness 10000) in paragraph at lines 192--192
\OT1/cmr/m/n/12 production[]grade
 []

[4] [5]
Overfull \hbox (7.27563pt too wide) in paragraph at lines 259--260
[]\OT1/cmr/bx/n/12 Week 5 (Python In-ter-me-di-ate Re-fresher) \OT1/cmr/m/n/12 
| Re-in-force-ment through quiz[]based,
 []

[6] [7] (./main.aux)
 ***********
LaTeX2e <2023-11-01> patch level 1
L3 programming layer <2024-01-22>
 ***********
Package rerunfilecheck Info: File `main.out' has not changed.
(rerunfilecheck)             Checksum: D41D8CD98F00B204E9800998ECF8427E;0.
 ) 
Here is how much of TeX's memory you used:
 9923 strings out of 474222
 152785 string characters out of 5748732
 1936975 words of memory out of 5000000
 32054 multiletter control sequences out of 15000+600000
 563348 words of font info for 53 fonts, out of 8000000 for 9000
 1141 hyphenation exceptions out of 8191
 75i,10n,79p,314b,553s stack positions out of 10000i,1000n,20000p,200000b,200000s
</usr/share/texlive/texmf-dist/fonts/type1/public/amsfonts/cm/cmbx12.pfb></us
r/share/texlive/texmf-dist/fonts/type1/public/amsfonts/cm/cmr12.pfb></usr/share
/texlive/texmf-dist/fonts/type1/public/amsfonts/cm/cmti12.pfb></usr/share/texmf
/fonts/type1/public/cm-super/sfbx1200.pfb></usr/share/texmf/fonts/type1/public/
cm-super/sfrm1200.pfb>
Output written on main.pdf (7 pages, 79317 bytes).
PDF statistics:
 165 PDF objects out of 1000 (max. 8388607)
 126 compressed objects within 2 object streams
 26 named destinations out of 1000 (max. 500000)
 1 words of extra memory for PDF output out of 10000 (max. 10000000)

